DAG
615
207
458
144
735
227
66
488
454
897
399
746
698
486
208
705
889
566
556
702
822
776
643
55
409
836
193
714
838
417
699
700
156
216
978
340
503
182
435
481
670
478
977
447
116
415
360
764
872
563
17
803
487
646
223
395
800
674
400
784
833
707
642
929
45
505
20
653
792
529
50
40
87
839
283
8
812
43
209
585
425
262
899
101
59
527
742
813
763
668
242
129
122
859
568
464
23
467
852
233
955
362
49
22
679
671
75
150
387
661
371
117
304
307
368
587
226
651
689
337
870
350
510
306
961
398
42
546
632
956
9
733
351
867
357
430
76
608
594
654
559
211
180
930
539
482
874
127
80
925
413
491
70
873
972
718
259
949
189
826
196
685
517
804
297
573
392
294
195
613
187
67
612
239
892
270
721
494
837
604
321
557
952
693
383
157
465
289
113
3
765
567
603
544
511
4
411
636
774
676
212
356
558
472
726
428
673
313
645
884
88
277
416
630
680
199
173
968
164
900
766
279
240
24
554
635
314
868
197
93
890
133
915
460
377
214
141
281
850
795
967
329
760
821
598
725
441
595
18
316
31
5
545
570
992
818
288
841
280
830
135
82
536
287
258
81
475
740
106
420
864
273
136
386
810
94
476
971
548
593
770
576
324
158
621
111
614
999
835
363
429
882
697
222
941
473
937
694
134
903
827
509
817
772
622
168
85
665
926
440
124
352
913
437
664
456
338
692
768
225
252
500
514
749
92
151
369
250
555
523
183
100
406
448
247
883
958
773
909
682
74
498
528
86
574
104
171
394
153
521
731
121
367
327
378
572
61
25
894
820
495
319
785
331
520
918
799
716
701
397
550
796
959
581
906
943
364
169
948
672
142
592
736
998
928
388
423
794
147
200
192
761
348
148
631
986
370
455
634
515
687
980
311
575
375
823
432
824
747
268
650
426
683
996
137
639
215
923
724
332
77
354
310
194
72
174
326
758
238
339
461
709
471
384
198
457
484
51
272
446
565
696
518
790
531
466
681
806
346
866
887
713
607
205
379
973
675
7
964
560
434
219
191
243
221
757
412
15
580
308
791
53
130
309
916
727
829
330
54
21
382
657
787
686
942
641
640
27
149
391
902
97
780
315
349
246
618
625
439
98
620
597
175
251
139
990
627
532
37
301
506
107
485
46
159
543
960
60
276
652
79
185
58
358
336
143
944
648
453
322
744
914
927
816
343
759
34
825
895
712
300
451
1
256
781
935
126
64
832
19
203
660
56
236
801
547
477
305
797
962
601
815
489
140
987
47
667
981
861
229
775
688
807
591
119
445
745
462
931
896
584
888
202
663
993
463
115
35
669
534
32
78
936
470
729
553
769
704
14
843
538
834
390
52
997
146
99
606
63
163
186
73
786
588
145
771
860
344
793
526
690
206
296
583
374
988
541
181
571
39
285
33
732
10
132
777
381
255
706
662
519
410
633
938
610
172
751
452
166
979
333
951
302
975
624
940
969
910
347
508
991
789
421
846
105
886
533
600
743
602
582
782
578
754
232
459
530
265
167
44
666
62
932
934
234
802
879
844
908
335
939
36
623
201
853
6
907
30
95
401
165
179
393
564
953
501
703
984
878
805
599
13
752
711
507
629
341
353
779
125
970
178
443
0
974
468
120
649
493
334
152
589
490
418
730
616
798
748
318
684
361
274
12
408
433
245
271
424
128
407
849
102
210
138
131
808
869
244
57
637
954
947
982
405
924
218
537
41
985
154
366
933
188
957
865
658
738
89
552
877
286
389
48
542
855
893
905
275
994
170
224
177
762
561
863
496
204
278
241
851
284
295
656
921
842
176
917
267
84
767
263
90
549
325
155
298
504
422
26
359
569
502
328
162
438
65
385
722
96
856
819
755
995
450
811
112
293
753
516
778
404
966
719
355
257
945
427
474
184
396
708
2
160
513
123
876
609
299
525
655
739
831
628
965
83
898
737
814
376
857
372
750
535
108
312
586
605
922
950
230
644
480
562
248
522
734
840
380
596
626
449
717
590
483
891
264
551
231
983
237
68
579
291
253
261
989
365
345
91
946
317
919
691
269
720
479
577
249
540
436
828
16
118
715
788
71
875
442
403
880
419
809
756
619
254
911
228
69
38
901
320
213
848
282
11
638
647
845
512
963
492
723
414
524
109
220
260
103
292
